Start testing: Jan 20 18:43 CET
----------------------------------------------------------
18/22 Testing: [engine_real_receipt][real_receipt] engine parses a real cafe receipt OCR
18/22 Test: [engine_real_receipt][real_receipt] engine parses a real cafe receipt OCR
Command: "/Users/nicolasmaldiney/ticketverify-engine/build/tests/tv_tests" "\[engine_real_receipt\]\[real_receipt\] engine parses a real cafe receipt OCR"
Directory: /Users/nicolasmaldiney/ticketverify-engine/build/tests
"[engine_real_receipt][real_receipt] engine parses a real cafe receipt OCR" start time: Jan 20 18:43 CET
Output:
----------------------------------------------------------
Filters: "\[engine_real_receipt\]\[real_receipt\] engine parses a real cafe receipt OCR"
Randomness seeded to: 4182825266
===============================================================================
All tests passed (10 assertions in 1 test case)

<end of output>
Test time =   0.02 sec
----------------------------------------------------------
Test Passed.
"[engine_real_receipt][real_receipt] engine parses a real cafe receipt OCR" end time: Jan 20 18:43 CET
"[engine_real_receipt][real_receipt] engine parses a real cafe receipt OCR" time elapsed: 00:00:00
----------------------------------------------------------

End testing: Jan 20 18:43 CET
